TN:
SF:/home/cedani/CPE/get_next_line/CPE_getnextline_2019/get_next_line.c
FN:10,my_strcat
FNDA:61,my_strcat
FN:33,buffer_to_give
FNDA:9,buffer_to_give
FN:56,get_next_line
FNDA:11,get_next_line
DA:10,61
DA:12,61
DA:13,61
DA:16,61
BRDA:16,0,0,56
BRDA:16,0,1,5
DA:17,297
BRDA:17,0,0,241
BRDA:17,0,1,56
DA:18,61
DA:19,61
BRDA:19,0,0,0
BRDA:19,0,1,61
DA:20,0
DA:21,61
BRDA:21,0,0,56
BRDA:21,0,1,5
DA:22,297
BRDA:22,0,0,241
BRDA:22,0,1,56
DA:23,241
DA:25,189
BRDA:25,0,0,128
BRDA:25,0,1,61
DA:26,128
DA:27,128
DA:29,61
DA:30,61
DA:33,9
DA:35,9
DA:36,9
DA:37,9
BRDA:37,0,0,0
BRDA:37,0,1,9
DA:38,0
DA:40,9
BRDA:40,0,0,1
BRDA:40,0,1,8
DA:41,1
DA:42,69
BRDA:42,0,0,66
BRDA:42,0,1,3
BRDA:42,0,2,61
BRDA:42,0,3,5
DA:43,61
BRDA:43,0,0,5
BRDA:43,0,1,56
BRDA:43,0,2,1
BRDA:43,0,3,4
DA:44,1
DA:46,61
BRDA:46,0,0,5
BRDA:46,0,1,56
BRDA:46,0,2,4
BRDA:46,0,3,1
DA:47,4
DA:48,61
BRDA:48,0,0,56
BRDA:48,0,1,5
DA:49,56
DA:50,56
DA:53,8
DA:56,11
DA:59,11
DA:62,11
DA:64,11
DA:65,11
BRDA:65,0,0,10
BRDA:65,0,1,1
BRDA:65,0,2,5
BRDA:65,0,3,5
BRDA:65,0,4,4
BRDA:65,0,5,1
BRDA:65,0,6,0
BRDA:65,0,7,9
DA:66,2
DA:67,9
BRDA:67,0,0,5
BRDA:67,0,1,4
DA:68,10
BRDA:68,0,0,0
BRDA:68,0,1,10
BRDA:68,0,2,5
BRDA:68,0,3,5
DA:69,5
DA:70,5
BRDA:70,0,0,4
BRDA:70,0,1,1
DA:71,4
DA:72,5
DA:74,5
DA:76,9
DA:77,9
end_of_record
TN:
SF:/home/cedani/CPE/get_next_line/CPE_getnextline_2019/tests/test.c
FN:13,get_next_line_should_handle_wrong_file_impl
FNDA:1,get_next_line_should_handle_wrong_file_impl
FN:13,get_next_line_should_handle_wrong_file_jmp
FNDA:1,get_next_line_should_handle_wrong_file_jmp
FN:20,get_next_line_should_handle_empty_file_impl
FNDA:1,get_next_line_should_handle_empty_file_impl
FN:20,get_next_line_should_handle_empty_file_jmp
FNDA:1,get_next_line_should_handle_empty_file_jmp
FN:28,get_next_line_should_return_first_line_impl
FNDA:1,get_next_line_should_return_first_line_impl
FN:28,get_next_line_should_return_first_line_jmp
FNDA:1,get_next_line_should_return_first_line_jmp
FN:38,get_next_line_should_handle_two_line_impl
FNDA:1,get_next_line_should_handle_two_line_impl
FN:38,get_next_line_should_handle_two_line_jmp
FNDA:1,get_next_line_should_handle_two_line_jmp
FN:53,get_next_line_should_reach_end_file_impl
FNDA:1,get_next_line_should_reach_end_file_impl
FN:53,get_next_line_should_reach_end_file_jmp
FNDA:1,get_next_line_should_reach_end_file_jmp
FN:71,get_next_line_should_print_n_between_line_impl
FNDA:1,get_next_line_should_print_n_between_line_impl
FN:71,get_next_line_should_print_n_between_line_jmp
FNDA:1,get_next_line_should_print_n_between_line_jmp
FN:89,my_strcat_should_handle_first_null_impl
FNDA:1,my_strcat_should_handle_first_null_impl
FN:89,my_strcat_should_handle_first_null_jmp
FNDA:1,my_strcat_should_handle_first_null_jmp
DA:13,1
DA:15,1
DA:16,1
BRDA:16,0,0,1
BRDA:16,0,1,0
BRDA:16,0,2,0
BRDA:16,0,3,1
BRDA:16,0,4,0
BRDA:16,0,5,0
BRDA:16,0,6,0
BRDA:16,0,7,0
BRDA:16,0,8,0
BRDA:16,0,9,1
DA:17,1
DA:18,1
DA:13,1
DA:20,1
DA:22,1
DA:23,1
DA:24,1
BRDA:24,0,0,1
BRDA:24,0,1,0
BRDA:24,0,2,0
BRDA:24,0,3,1
BRDA:24,0,4,0
BRDA:24,0,5,0
BRDA:24,0,6,0
BRDA:24,0,7,0
BRDA:24,0,8,0
BRDA:24,0,9,1
DA:25,1
DA:26,1
DA:20,1
DA:28,1
DA:30,1
DA:31,1
DA:32,1
BRDA:32,0,0,1
BRDA:32,0,1,0
BRDA:32,0,2,0
BRDA:32,0,3,1
BRDA:32,0,4,0
BRDA:32,0,5,0
BRDA:32,0,6,0
BRDA:32,0,7,0
BRDA:32,0,8,0
BRDA:32,0,9,1
DA:33,1
BRDA:33,0,0,1
BRDA:33,0,1,0
BRDA:33,0,2,1
BRDA:33,0,3,0
BRDA:33,0,4,1
BRDA:33,0,5,0
BRDA:33,0,6,1
BRDA:33,0,7,0
BRDA:33,0,8,0
BRDA:33,0,9,1
BRDA:33,0,10,0
BRDA:33,0,11,0
BRDA:33,0,12,0
BRDA:33,0,13,0
BRDA:33,0,14,0
BRDA:33,0,15,1
DA:34,1
DA:35,1
DA:36,1
DA:28,1
DA:38,1
DA:40,1
DA:41,1
DA:42,1
BRDA:42,0,0,1
BRDA:42,0,1,0
BRDA:42,0,2,0
BRDA:42,0,3,1
BRDA:42,0,4,0
BRDA:42,0,5,0
BRDA:42,0,6,0
BRDA:42,0,7,0
BRDA:42,0,8,0
BRDA:42,0,9,1
DA:43,1
BRDA:43,0,0,1
BRDA:43,0,1,0
BRDA:43,0,2,1
BRDA:43,0,3,0
BRDA:43,0,4,1
BRDA:43,0,5,0
BRDA:43,0,6,1
BRDA:43,0,7,0
BRDA:43,0,8,0
BRDA:43,0,9,1
BRDA:43,0,10,0
BRDA:43,0,11,0
BRDA:43,0,12,0
BRDA:43,0,13,0
BRDA:43,0,14,0
BRDA:43,0,15,1
DA:44,1
DA:46,1
DA:47,1
BRDA:47,0,0,1
BRDA:47,0,1,0
BRDA:47,0,2,0
BRDA:47,0,3,1
BRDA:47,0,4,0
BRDA:47,0,5,0
BRDA:47,0,6,0
BRDA:47,0,7,0
BRDA:47,0,8,0
BRDA:47,0,9,1
DA:48,1
BRDA:48,0,0,1
BRDA:48,0,1,0
BRDA:48,0,2,1
BRDA:48,0,3,0
BRDA:48,0,4,1
BRDA:48,0,5,0
BRDA:48,0,6,1
BRDA:48,0,7,0
BRDA:48,0,8,0
BRDA:48,0,9,1
BRDA:48,0,10,0
BRDA:48,0,11,0
BRDA:48,0,12,0
BRDA:48,0,13,0
BRDA:48,0,14,0
BRDA:48,0,15,1
DA:49,1
DA:50,1
DA:51,1
DA:38,1
DA:53,1
DA:55,1
DA:56,1
DA:57,1
BRDA:57,0,0,1
BRDA:57,0,1,0
BRDA:57,0,2,0
BRDA:57,0,3,1
BRDA:57,0,4,0
BRDA:57,0,5,0
BRDA:57,0,6,0
BRDA:57,0,7,0
BRDA:57,0,8,0
BRDA:57,0,9,1
DA:58,1
BRDA:58,0,0,1
BRDA:58,0,1,0
BRDA:58,0,2,1
BRDA:58,0,3,0
BRDA:58,0,4,1
BRDA:58,0,5,0
BRDA:58,0,6,1
BRDA:58,0,7,0
BRDA:58,0,8,0
BRDA:58,0,9,1
BRDA:58,0,10,0
BRDA:58,0,11,0
BRDA:58,0,12,0
BRDA:58,0,13,0
BRDA:58,0,14,0
BRDA:58,0,15,1
DA:59,1
DA:61,1
DA:62,1
BRDA:62,0,0,1
BRDA:62,0,1,0
BRDA:62,0,2,0
BRDA:62,0,3,1
BRDA:62,0,4,0
BRDA:62,0,5,0
BRDA:62,0,6,0
BRDA:62,0,7,0
BRDA:62,0,8,0
BRDA:62,0,9,1
DA:63,1
BRDA:63,0,0,1
BRDA:63,0,1,0
BRDA:63,0,2,1
BRDA:63,0,3,0
BRDA:63,0,4,1
BRDA:63,0,5,0
BRDA:63,0,6,1
BRDA:63,0,7,0
BRDA:63,0,8,0
BRDA:63,0,9,1
BRDA:63,0,10,0
BRDA:63,0,11,0
BRDA:63,0,12,0
BRDA:63,0,13,0
BRDA:63,0,14,0
BRDA:63,0,15,1
DA:64,1
DA:66,1
DA:67,1
BRDA:67,0,0,1
BRDA:67,0,1,0
BRDA:67,0,2,0
BRDA:67,0,3,1
BRDA:67,0,4,0
BRDA:67,0,5,0
BRDA:67,0,6,0
BRDA:67,0,7,0
BRDA:67,0,8,0
BRDA:67,0,9,1
DA:68,1
DA:69,1
DA:53,1
DA:71,1
DA:73,1
DA:74,1
DA:75,1
BRDA:75,0,0,1
BRDA:75,0,1,0
BRDA:75,0,2,0
BRDA:75,0,3,1
BRDA:75,0,4,0
BRDA:75,0,5,0
BRDA:75,0,6,0
BRDA:75,0,7,0
BRDA:75,0,8,0
BRDA:75,0,9,1
DA:76,1
BRDA:76,0,0,1
BRDA:76,0,1,0
BRDA:76,0,2,1
BRDA:76,0,3,0
BRDA:76,0,4,1
BRDA:76,0,5,0
BRDA:76,0,6,1
BRDA:76,0,7,0
BRDA:76,0,8,0
BRDA:76,0,9,1
BRDA:76,0,10,0
BRDA:76,0,11,0
BRDA:76,0,12,0
BRDA:76,0,13,0
BRDA:76,0,14,0
BRDA:76,0,15,1
DA:77,1
DA:79,1
DA:80,1
BRDA:80,0,0,1
BRDA:80,0,1,0
BRDA:80,0,2,0
BRDA:80,0,3,1
BRDA:80,0,4,0
BRDA:80,0,5,0
BRDA:80,0,6,0
BRDA:80,0,7,0
BRDA:80,0,8,0
BRDA:80,0,9,1
DA:82,1
DA:83,1
BRDA:83,0,0,1
BRDA:83,0,1,0
BRDA:83,0,2,0
BRDA:83,0,3,1
BRDA:83,0,4,0
BRDA:83,0,5,0
BRDA:83,0,6,0
BRDA:83,0,7,0
BRDA:83,0,8,0
BRDA:83,0,9,1
DA:84,1
BRDA:84,0,0,1
BRDA:84,0,1,0
BRDA:84,0,2,1
BRDA:84,0,3,0
BRDA:84,0,4,1
BRDA:84,0,5,0
BRDA:84,0,6,1
BRDA:84,0,7,0
BRDA:84,0,8,0
BRDA:84,0,9,1
BRDA:84,0,10,0
BRDA:84,0,11,0
BRDA:84,0,12,0
BRDA:84,0,13,0
BRDA:84,0,14,0
BRDA:84,0,15,1
DA:85,1
DA:86,1
DA:87,1
DA:71,1
DA:89,1
DA:91,1
DA:92,1
DA:94,1
BRDA:94,0,0,1
BRDA:94,0,1,0
BRDA:94,0,2,1
BRDA:94,0,3,0
BRDA:94,0,4,1
BRDA:94,0,5,0
BRDA:94,0,6,1
BRDA:94,0,7,0
BRDA:94,0,8,0
BRDA:94,0,9,1
BRDA:94,0,10,0
BRDA:94,0,11,0
BRDA:94,0,12,0
BRDA:94,0,13,0
BRDA:94,0,14,0
BRDA:94,0,15,1
DA:95,1
DA:89,1
end_of_record
